# JRE version: Java(TM) SE Runtime Environment (8.0_241-b07) (build 1.8.0_241-b07)
# Java VM: Java HotSpot(TM) 64-Bit Server VM (25.241-b07 mixed mode windows-amd64 compressed oops)
Heap:
 PSYoungGen      total 71680K, used 15734K [0x00000000d5e00000, 0x00000000dd900000, 0x0000000100000000)
  eden space 66560K, 15% used [0x00000000d5e00000,0x00000000d68624e8,0x00000000d9f00000)
  from space 5120K, 99% used [0x00000000d9f00000,0x00000000da3fb6c0,0x00000000da400000)
  to   space 11776K, 0% used [0x00000000dcd80000,0x00000000dcd80000,0x00000000dd900000)
 ParOldGen       total 64000K, used 17271K [0x0000000081a00000, 0x0000000085880000, 0x00000000d5e00000)
  object space 64000K, 26% used [0x0000000081a00000,0x0000000082adde80,0x0000000085880000)
 Metaspace       used 27794K, capacity 28472K, committed 28672K, reserved 1075200K
  class space    used 3355K, capacity 3564K, committed 3584K, reserved 1048576K
GC Heap History (10 events):
Event: 2.008 GC heap before
{Heap before GC invocations=4 (full 0):
 PSYoungGen      total 38400K, used 38368K [0x00000000d5e00000, 0x00000000da900000, 0x0000000100000000)
  eden space 33280K, 100% used [0x00000000d5e00000,0x00000000d7e80000,0x00000000d7e80000)
  from space 5120K, 99% used [0x00000000d7e80000,0x00000000d8378040,0x00000000d8380000)
  to   space 5120K, 0% used [0x00000000da400000,0x00000000da400000,0x00000000da900000)
 ParOldGen       total 87552K, used 5559K [0x0000000081a00000, 0x0000000086f80000, 0x00000000d5e00000)
  object space 87552K, 6% used [0x0000000081a00000,0x0000000081f6dc30,0x0000000086f80000)
 Metaspace       used 15976K, capacity 16354K, committed 16640K, reserved 1064960K
  class space    used 1916K, capacity 2022K, committed 2048K, reserved 1048576K
Event: 2.018 GC heap after
Heap after GC invocations=4 (full 0):
 PSYoungGen      total 71680K, used 5088K [0x00000000d5e00000, 0x00000000da900000, 0x0000000100000000)
  eden space 66560K, 0% used [0x00000000d5e00000,0x00000000d5e00000,0x00000000d9f00000)
  from space 5120K, 99% used [0x00000000da400000,0x00000000da8f8060,0x00000000da900000)
  to   space 5120K, 0% used [0x00000000d9f00000,0x00000000d9f00000,0x00000000da400000)
 ParOldGen       total 87552K, used 7533K [0x0000000081a00000, 0x0000000086f80000, 0x00000000d5e00000)
  object space 87552K, 8% used [0x0000000081a00000,0x000000008215b430,0x0000000086f80000)
 Metaspace       used 15976K, capacity 16354K, committed 16640K, reserved 1064960K
  class space    used 1916K, capacity 2022K, committed 2048K, reserved 1048576K
}
Event: 2.803 GC heap before
{Heap before GC invocations=5 (full 0):
 PSYoungGen      total 71680K, used 71648K [0x00000000d5e00000, 0x00000000da900000, 0x0000000100000000)
  eden space 66560K, 100% used [0x00000000d5e00000,0x00000000d9f00000,0x00000000d9f00000)
  from space 5120K, 99% used [0x00000000da400000,0x00000000da8f8060,0x00000000da900000)
  to   space 5120K, 0% used [0x00000000d9f00000,0x00000000d9f00000,0x00000000da400000)
 ParOldGen       total 87552K, used 7533K [0x0000000081a00000, 0x0000000086f80000, 0x00000000d5e00000)
  object space 87552K, 8% used [0x0000000081a00000,0x000000008215b430,0x0000000086f80000)
 Metaspace       used 18390K, capacity 18832K, committed 19072K, reserved 1067008K
  class space    used 2210K, capacity 2335K, committed 2432K, reserved 1048576K
Event: 2.823 GC heap after
Heap after GC invocations=5 (full 0):
 PSYoungGen      total 71680K, used 5088K [0x00000000d5e00000, 0x00000000da900000, 0x0000000100000000)
  eden space 66560K, 0% used [0x00000000d5e00000,0x00000000d5e00000,0x00000000d9f00000)
  from space 5120K, 99% used [0x00000000d9f00000,0x00000000da3f8020,0x00000000da400000)
  to   space 5120K, 0% used [0x00000000da400000,0x00000000da400000,0x00000000da900000)
 ParOldGen       total 87552K, used 12410K [0x0000000081a00000, 0x0000000086f80000, 0x00000000d5e00000)
  object space 87552K, 14% used [0x0000000081a00000,0x000000008261eb38,0x0000000086f80000)
 Metaspace       used 18390K, capacity 18832K, committed 19072K, reserved 1067008K
  class space    used 2210K, capacity 2335K, committed 2432K, reserved 1048576K
}
Event: 3.107 GC heap before
{Heap before GC invocations=6 (full 0):
 PSYoungGen      total 71680K, used 19813K [0x00000000d5e00000, 0x00000000da900000, 0x0000000100000000)
  eden space 66560K, 22% used [0x00000000d5e00000,0x00000000d6c617b0,0x00000000d9f00000)
  from space 5120K, 99% used [0x00000000d9f00000,0x00000000da3f8020,0x00000000da400000)
  to   space 5120K, 0% used [0x00000000da400000,0x00000000da400000,0x00000000da900000)
 ParOldGen       total 87552K, used 12410K [0x0000000081a00000, 0x0000000086f80000, 0x00000000d5e00000)
  object space 87552K, 14% used [0x0000000081a00000,0x000000008261eb38,0x0000000086f80000)
 Metaspace       used 20743K, capacity 21172K, committed 21296K, reserved 1069056K
  class space    used 2526K, capacity 2671K, committed 2688K, reserved 1048576K
Event: 3.115 GC heap after
Heap after GC invocations=6 (full 0):
 PSYoungGen      total 71680K, used 5104K [0x00000000d5e00000, 0x00000000da900000, 0x0000000100000000)
  eden space 66560K, 0% used [0x00000000d5e00000,0x00000000d5e00000,0x00000000d9f00000)
  from space 5120K, 99% used [0x00000000da400000,0x00000000da8fc030,0x00000000da900000)
  to   space 5120K, 0% used [0x00000000d9f00000,0x00000000d9f00000,0x00000000da400000)
 ParOldGen       total 87552K, used 13904K [0x0000000081a00000, 0x0000000086f80000, 0x00000000d5e00000)
  object space 87552K, 15% used [0x0000000081a00000,0x0000000082794178,0x0000000086f80000)
 Metaspace       used 20743K, capacity 21172K, committed 21296K, reserved 1069056K
  class space    used 2526K, capacity 2671K, committed 2688K, reserved 1048576K
}
Event: 3.115 GC heap before
{Heap before GC invocations=7 (full 1):
 PSYoungGen      total 71680K, used 5104K [0x00000000d5e00000, 0x00000000da900000, 0x0000000100000000)
  eden space 66560K, 0% used [0x00000000d5e00000,0x00000000d5e00000,0x00000000d9f00000)
  from space 5120K, 99% used [0x00000000da400000,0x00000000da8fc030,0x00000000da900000)
  to   space 5120K, 0% used [0x00000000d9f00000,0x00000000d9f00000,0x00000000da400000)
 ParOldGen       total 87552K, used 13904K [0x0000000081a00000, 0x0000000086f80000, 0x00000000d5e00000)
  object space 87552K, 15% used [0x0000000081a00000,0x0000000082794178,0x0000000086f80000)
 Metaspace       used 20743K, capacity 21172K, committed 21296K, reserved 1069056K
  class space    used 2526K, capacity 2671K, committed 2688K, reserved 1048576K
Event: 3.162 GC heap after
Heap after GC invocations=7 (full 1):
 PSYoungGen      total 71680K, used 0K [0x00000000d5e00000, 0x00000000da900000, 0x0000000100000000)
  eden space 66560K, 0% used [0x00000000d5e00000,0x00000000d5e00000,0x00000000d9f00000)
  from space 5120K, 0% used [0x00000000da400000,0x00000000da400000,0x00000000da900000)
  to   space 5120K, 0% used [0x00000000d9f00000,0x00000000d9f00000,0x00000000da400000)
 ParOldGen       total 64000K, used 11171K [0x0000000081a00000, 0x0000000085880000, 0x00000000d5e00000)
  object space 64000K, 17% used [0x0000000081a00000,0x00000000824e8e78,0x0000000085880000)
 Metaspace       used 20743K, capacity 21172K, committed 21296K, reserved 1069056K
  class space    used 2526K, capacity 2671K, committed 2688K, reserved 1048576K
}
Event: 4.296 GC heap before
{Heap before GC invocations=8 (full 1):
 PSYoungGen      total 71680K, used 66560K [0x00000000d5e00000, 0x00000000da900000, 0x0000000100000000)
  eden space 66560K, 100% used [0x00000000d5e00000,0x00000000d9f00000,0x00000000d9f00000)
  from space 5120K, 0% used [0x00000000da400000,0x00000000da400000,0x00000000da900000)
  to   space 5120K, 0% used [0x00000000d9f00000,0x00000000d9f00000,0x00000000da400000)
 ParOldGen       total 64000K, used 11171K [0x0000000081a00000, 0x0000000085880000, 0x00000000d5e00000)
  object space 64000K, 17% used [0x0000000081a00000,0x00000000824e8e78,0x0000000085880000)
 Metaspace       used 26518K, capacity 27158K, committed 27264K, reserved 1073152K
  class space    used 3190K, capacity 3375K, committed 3456K, reserved 1048576K
Event: 4.306 GC heap after
Heap after GC invocations=8 (full 1):
 PSYoungGen      total 71680K, used 5101K [0x00000000d5e00000, 0x00000000dd900000, 0x0000000100000000)
  eden space 66560K, 0% used [0x00000000d5e00000,0x00000000d5e00000,0x00000000d9f00000)
  from space 5120K, 99% used [0x00000000d9f00000,0x00000000da3fb6c0,0x00000000da400000)
  to   space 11776K, 0% used [0x00000000dcd80000,0x00000000dcd80000,0x00000000dd900000)
 ParOldGen       total 64000K, used 17271K [0x0000000081a00000, 0x0000000085880000, 0x00000000d5e00000)
  object space 64000K, 26% used [0x0000000081a00000,0x0000000082adde80,0x0000000085880000)
 Metaspace       used 26518K, capacity 27158K, committed 27264K, reserved 1073152K
  class space    used 3190K, capacity 3375K, committed 3456K, reserved 1048576K
}

